<?xml version="1.0" encoding="UTF-8"?>
<testsuite name="CalculadoraKtTestTest" tests="4" skipped="0" failures="0" errors="0" timestamp="2022-03-09T15:00:38" hostname="DESKTOP-47DS4S6" time="0.061">
  <properties/>
  <testcase name="ResultD()" classname="CalculadoraKtTestTest" time="0.046"/>
  <testcase name="resultSomatest()" classname="CalculadoraKtTestTest" time="0.003"/>
  <testcase name="Resultsubtest()" classname="CalculadoraKtTestTest" time="0.003"/>
  <testcase name="Resultmtest()" classname="CalculadoraKtTestTest" time="0.004"/>
  <system-out><![CDATA[]]></system-out>
  <system-err><![CDATA[]]></system-err>
</testsuite>
